2024-06-19 07:07:10 UTC
Windows-10-10.0.22631
Ren'Py 8.2.1.24030407

Early init took 0.44s
Loading error handling took 0.08s
Loading script took 0.63s
Loading save slot metadata took 0.12s
Loading persistent took 0.00s
Running init code took 0.15s
Loading analysis data took 0.03s
Analyze and compile ATL took 0.00s
Reloading save slot metadata took 0.13s
Index archives took 0.00s
Backing up script files to 'C:\\Users\\Win10\\AppData\\Roaming/RenPy/backups\\ITShow':
Dump and make backups took 0.24s
Cleaning cache took 0.00s
Making clean stores took 0.00s
Initial gc took 0.06s
DPI scale factor: 1.500000
nvdrs: Loaded, about to disable thread optimizations.
nvdrs: b"Couldn't load nvlib." (can be ignored)
Creating interface object took 0.02s
Cleaning stores took 0.00s
Init translation took 0.07s
Build styles took 0.01s
Load screen analysis took 0.00s
Analyze screens took 0.03s
Save screen analysis took 0.05s
Prepare screens took 0.19s
Save pyanalysis. took 0.00s
Save bytecode. took 0.07s
Running _start took 0.00s
Interface start took 0.16s

Initializing gl2 renderer:
primary display bounds: (0, 0, 2560, 1600)
swap interval: 1 frames
Windowed mode.
Vendor: "b'Intel'"
Renderer: b'Intel(R) UHD Graphics 620'
Version: b'4.6.0 - Build 31.0.101.2111'
Display Info: None
Screen sizes: virtual=(1920, 1080) physical=(1920, 1080) drawable=(1920, 1080)
Maximum texture size: 4096x4096
Screen sizes: virtual=(1920, 1080) physical=(800, 600) drawable=(800, 600)
Precompiling shader ('renpy.dissolve', 'renpy.dissolve'):
Traceback (most recent call last):
  File "C:\Users\Win10\Downloads\renpy-8.2.1-sdk\renpy\gl2\gl2shadercache.py", line 356, in load
    self.get(partnames)
  File "C:\Users\Win10\Downloads\renpy-8.2.1-sdk\renpy\gl2\gl2shadercache.py", line 278, in get
    rv.load()
  File "gl2shader.pyx", line 241, in renpy.gl2.gl2shader.Program.load
renpy.gl2.gl2shader.ShaderError: b'\x06'
Precompiling shader ('renpy.geometry', 'renpy.solid'):
Traceback (most recent call last):
  File "C:\Users\Win10\Downloads\renpy-8.2.1-sdk\renpy\gl2\gl2shadercache.py", line 356, in load
    self.get(partnames)
  File "C:\Users\Win10\Downloads\renpy-8.2.1-sdk\renpy\gl2\gl2shadercache.py", line 278, in get
    rv.load()
  File "gl2shader.pyx", line 229, in renpy.gl2.gl2shader.Program.load
  File "gl2shader.pyx", line 213, in renpy.gl2.gl2shader.Program.load_shader
UnicodeDecodeError: 'utf-8' codec can't decode byte 0xf1 in position 1: invalid continuation byte
Precompiling shader ('renpy.ftl',):
Traceback (most recent call last):
  File "C:\Users\Win10\Downloads\renpy-8.2.1-sdk\renpy\gl2\gl2shadercache.py", line 356, in load
    self.get(partnames)
  File "C:\Users\Win10\Downloads\renpy-8.2.1-sdk\renpy\gl2\gl2shadercache.py", line 278, in get
    rv.load()
  File "gl2shader.pyx", line 229, in renpy.gl2.gl2shader.Program.load
  File "gl2shader.pyx", line 213, in renpy.gl2.gl2shader.Program.load_shader
UnicodeDecodeError: 'utf-8' codec can't decode byte 0xf1 in position 1: invalid continuation byte
Precompiling shader ('renpy.geometry', 'renpy.texture'):
Traceback (most recent call last):
  File "C:\Users\Win10\Downloads\renpy-8.2.1-sdk\renpy\gl2\gl2shadercache.py", line 356, in load
    self.get(partnames)
  File "C:\Users\Win10\Downloads\renpy-8.2.1-sdk\renpy\gl2\gl2shadercache.py", line 278, in get
    rv.load()
  File "gl2shader.pyx", line 229, in renpy.gl2.gl2shader.Program.load
  File "gl2shader.pyx", line 213, in renpy.gl2.gl2shader.Program.load_shader
UnicodeDecodeError: 'utf-8' codec can't decode byte 0xf1 in position 1: invalid continuation byte
Precompiling shader ('renpy.dissolve', 'renpy.geometry'):
Traceback (most recent call last):
  File "C:\Users\Win10\Downloads\renpy-8.2.1-sdk\renpy\gl2\gl2shadercache.py", line 356, in load
    self.get(partnames)
  File "C:\Users\Win10\Downloads\renpy-8.2.1-sdk\renpy\gl2\gl2shadercache.py", line 278, in get
    rv.load()
  File "gl2shader.pyx", line 229, in renpy.gl2.gl2shader.Program.load
  File "gl2shader.pyx", line 213, in renpy.gl2.gl2shader.Program.load_shader
UnicodeDecodeError: 'utf-8' codec can't decode byte 0xf1 in position 1: invalid continuation byte
Precompiling shader ('renpy.alpha', 'renpy.geometry', 'renpy.texture'):
Traceback (most recent call last):
  File "C:\Users\Win10\Downloads\renpy-8.2.1-sdk\renpy\gl2\gl2shadercache.py", line 356, in load
    self.get(partnames)
  File "C:\Users\Win10\Downloads\renpy-8.2.1-sdk\renpy\gl2\gl2shadercache.py", line 278, in get
    rv.load()
  File "gl2shader.pyx", line 229, in renpy.gl2.gl2shader.Program.load
  File "gl2shader.pyx", line 213, in renpy.gl2.gl2shader.Program.load_shader
UnicodeDecodeError: 'utf-8' codec can't decode byte 0xf1 in position 1: invalid continuation byte
Precompiling shader ('renpy.alpha', 'renpy.texture'):
Traceback (most recent call last):
  File "C:\Users\Win10\Downloads\renpy-8.2.1-sdk\renpy\gl2\gl2shadercache.py", line 356, in load
    self.get(partnames)
  File "C:\Users\Win10\Downloads\renpy-8.2.1-sdk\renpy\gl2\gl2shadercache.py", line 278, in get
    rv.load()
  File "gl2shader.pyx", line 229, in renpy.gl2.gl2shader.Program.load
  File "gl2shader.pyx", line 213, in renpy.gl2.gl2shader.Program.load_shader
UnicodeDecodeError: 'utf-8' codec can't decode byte 0xf1 in position 1: invalid continuation byte
Precompiling shader ('renpy.solid',):
Traceback (most recent call last):
  File "C:\Users\Win10\Downloads\renpy-8.2.1-sdk\renpy\gl2\gl2shadercache.py", line 356, in load
    self.get(partnames)
  File "C:\Users\Win10\Downloads\renpy-8.2.1-sdk\renpy\gl2\gl2shadercache.py", line 278, in get
    rv.load()
  File "gl2shader.pyx", line 229, in renpy.gl2.gl2shader.Program.load
  File "gl2shader.pyx", line 213, in renpy.gl2.gl2shader.Program.load_shader
UnicodeDecodeError: 'utf-8' codec can't decode byte 0xf1 in position 1: invalid continuation byte
Precompiling shader ('renpy.texture',):
Traceback (most recent call last):
  File "C:\Users\Win10\Downloads\renpy-8.2.1-sdk\renpy\gl2\gl2shadercache.py", line 356, in load
    self.get(partnames)
  File "C:\Users\Win10\Downloads\renpy-8.2.1-sdk\renpy\gl2\gl2shadercache.py", line 278, in get
    rv.load()
  File "gl2shader.pyx", line 229, in renpy.gl2.gl2shader.Program.load
  File "gl2shader.pyx", line 213, in renpy.gl2.gl2shader.Program.load_shader
UnicodeDecodeError: 'utf-8' codec can't decode byte 0xf1 in position 1: invalid continuation byte
Maximum texture size: 1024x1024

Full traceback:
  File "game/script.rpy", line 125, in script
    "이곳은 바다가 보이는 학교,푸른 고등학교."
  File "C:\Users\Win10\Downloads\renpy-8.2.1-sdk\renpy\ast.py", line 2557, in execute
    Say.execute(self)
  File "C:\Users\Win10\Downloads\renpy-8.2.1-sdk\renpy\ast.py", line 585, in execute
    statement_name("say")
  File "C:\Users\Win10\Downloads\renpy-8.2.1-sdk\renpy\ast.py", line 52, in statement_name
    i(name)
  File "renpy/common/000window.rpy", line 122, in _window_auto_callback
    _window_show(auto=True)
  File "renpy/common/000window.rpy", line 70, in _window_show
    renpy.with_statement(trans)
  File "C:\Users\Win10\Downloads\renpy-8.2.1-sdk\renpy\exports.py", line 1781, in with_statement
    return renpy.game.interface.do_with(trans, paired, clear=clear)
  File "C:\Users\Win10\Downloads\renpy-8.2.1-sdk\renpy\display\core.py", line 1548, in do_with
    return self.interact(trans_pause=True,
  File "C:\Users\Win10\Downloads\renpy-8.2.1-sdk\renpy\display\core.py", line 2165, in interact
    repeat, rv = self.interact_core(preloads=preloads, trans_pause=trans_pause, pause=pause, pause_start=pause_start, pause_modal=pause_modal, **kwargs) # type: ignore
  File "C:\Users\Win10\Downloads\renpy-8.2.1-sdk\renpy\display\core.py", line 2793, in interact_core
    if renpy.display.draw.update(force=self.display_reset):
  File "gl2draw.pyx", line 681, in renpy.gl2.gl2draw.GL2Draw.update
  File "gl2draw.pyx", line 615, in renpy.gl2.gl2draw.GL2Draw.on_resize
  File "gl2texture.pyx", line 75, in renpy.gl2.gl2texture.TextureLoader.init
  File "C:\Users\Win10\Downloads\renpy-8.2.1-sdk\renpy\gl2\gl2shadercache.py", line 278, in get
    rv.load()
  File "gl2shader.pyx", line 241, in renpy.gl2.gl2shader.Program.load
ShaderError: b'\x06'

While running game code:
  File "game/script.rpy", line 125, in script
    "이곳은 바다가 보이는 학교,푸른 고등학교."
  File "renpy/common/000window.rpy", line 122, in _window_auto_callback
    _window_show(auto=True)
  File "renpy/common/000window.rpy", line 70, in _window_show
    renpy.with_statement(trans)
ShaderError: b'\x06'
While handling exception:
Traceback (most recent call last):
  File "C:\Users\Win10\Downloads\renpy-8.2.1-sdk\renpy\execution.py", line 596, in run
    node.execute()
  File "C:\Users\Win10\Downloads\renpy-8.2.1-sdk\renpy\ast.py", line 2557, in execute
    Say.execute(self)
  File "C:\Users\Win10\Downloads\renpy-8.2.1-sdk\renpy\ast.py", line 585, in execute
    statement_name("say")
  File "C:\Users\Win10\Downloads\renpy-8.2.1-sdk\renpy\ast.py", line 52, in statement_name
    i(name)
  File "renpy/common/000window.rpy", line 122, in _window_auto_callback
    _window_show(auto=True)
  File "renpy/common/000window.rpy", line 70, in _window_show
    renpy.with_statement(trans)
  File "C:\Users\Win10\Downloads\renpy-8.2.1-sdk\renpy\exports.py", line 1781, in with_statement
    return renpy.game.interface.do_with(trans, paired, clear=clear)
  File "C:\Users\Win10\Downloads\renpy-8.2.1-sdk\renpy\display\core.py", line 1548, in do_with
    return self.interact(trans_pause=True,
  File "C:\Users\Win10\Downloads\renpy-8.2.1-sdk\renpy\display\core.py", line 2165, in interact
    repeat, rv = self.interact_core(preloads=preloads, trans_pause=trans_pause, pause=pause, pause_start=pause_start, pause_modal=pause_modal, **kwargs) # type: ignore
  File "C:\Users\Win10\Downloads\renpy-8.2.1-sdk\renpy\display\core.py", line 2793, in interact_core
    if renpy.display.draw.update(force=self.display_reset):
  File "gl2draw.pyx", line 681, in renpy.gl2.gl2draw.GL2Draw.update
  File "gl2draw.pyx", line 615, in renpy.gl2.gl2draw.GL2Draw.on_resize
  File "gl2texture.pyx", line 75, in renpy.gl2.gl2texture.TextureLoader.init
  File "C:\Users\Win10\Downloads\renpy-8.2.1-sdk\renpy\gl2\gl2shadercache.py", line 278, in get
    rv.load()
  File "gl2shader.pyx", line 241, in renpy.gl2.gl2shader.Program.load
renpy.gl2.gl2shader.ShaderError: b'\x06'

During handling of the above exception, another exception occurred:

Traceback (most recent call last):
  File "C:\Users\Win10\Downloads\renpy-8.2.1-sdk\renpy\display\error.py", line 140, in report_exception
    renpy.game.invoke_in_new_context(
  File "C:\Users\Win10\Downloads\renpy-8.2.1-sdk\renpy\game.py", line 293, in invoke_in_new_context
    return callable(*args, **kwargs)
  File "C:\Users\Win10\Downloads\renpy-8.2.1-sdk\renpy\display\error.py", line 48, in call_exception_screen
    return renpy.ui.interact(mouse="screen", type="screen", suppress_overlay=True, suppress_underlay=True)
  File "C:\Users\Win10\Downloads\renpy-8.2.1-sdk\renpy\ui.py", line 301, in interact
    rv = renpy.game.interface.interact(roll_forward=roll_forward, **kwargs)
  File "C:\Users\Win10\Downloads\renpy-8.2.1-sdk\renpy\display\core.py", line 2165, in interact
    repeat, rv = self.interact_core(preloads=preloads, trans_pause=trans_pause, pause=pause, pause_start=pause_start, pause_modal=pause_modal, **kwargs) # type: ignore
  File "C:\Users\Win10\Downloads\renpy-8.2.1-sdk\renpy\display\core.py", line 2818, in interact_core
    self.draw_screen(root_widget, fullscreen_video, (not fullscreen_video) or video_frame_drawn)
  File "C:\Users\Win10\Downloads\renpy-8.2.1-sdk\renpy\display\core.py", line 1359, in draw_screen
    renpy.display.draw.draw_screen(surftree)
  File "gl2draw.pyx", line 1008, in renpy.gl2.gl2draw.GL2Draw.draw_screen
  File "gl2draw.pyx", line 1508, in renpy.gl2.gl2draw.GL2DrawingContext.draw
  File "gl2draw.pyx", line 1489, in renpy.gl2.gl2draw.GL2DrawingContext.draw_one
  File "gl2draw.pyx", line 1489, in renpy.gl2.gl2draw.GL2DrawingContext.draw_one
  File "gl2draw.pyx", line 1489, in renpy.gl2.gl2draw.GL2DrawingContext.draw_one
  [Previous line repeated 5 more times]
  File "gl2draw.pyx", line 1400, in renpy.gl2.gl2draw.GL2DrawingContext.draw_one
  File "gl2draw.pyx", line 1355, in renpy.gl2.gl2draw.GL2DrawingContext.draw_model
  File "C:\Users\Win10\Downloads\renpy-8.2.1-sdk\renpy\gl2\gl2shadercache.py", line 278, in get
    rv.load()
  File "gl2shader.pyx", line 241, in renpy.gl2.gl2shader.Program.load
renpy.gl2.gl2shader.ShaderError: b'\x06'

Full traceback:
  File "C:\Users\Win10\Downloads\renpy-8.2.1-sdk\renpy\bootstrap.py", line 359, in bootstrap
    renpy.main.main()
  File "C:\Users\Win10\Downloads\renpy-8.2.1-sdk\renpy\main.py", line 635, in main
    run(restart)
  File "C:\Users\Win10\Downloads\renpy-8.2.1-sdk\renpy\main.py", line 145, in run
    renpy.execution.run_context(True)
  File "C:\Users\Win10\Downloads\renpy-8.2.1-sdk\renpy\execution.py", line 955, in run_context
    context.run()
  File "game/script.rpy", line 125, in script
    "이곳은 바다가 보이는 학교,푸른 고등학교."
  File "lib/python3.9/future/utils/__init__.py", line 444, in raise_
  File "game/script.rpy", line 125, in script
    "이곳은 바다가 보이는 학교,푸른 고등학교."
  File "C:\Users\Win10\Downloads\renpy-8.2.1-sdk\renpy\ast.py", line 2557, in execute
    Say.execute(self)
  File "C:\Users\Win10\Downloads\renpy-8.2.1-sdk\renpy\ast.py", line 585, in execute
    statement_name("say")
  File "C:\Users\Win10\Downloads\renpy-8.2.1-sdk\renpy\ast.py", line 52, in statement_name
    i(name)
  File "renpy/common/000window.rpy", line 122, in _window_auto_callback
    _window_show(auto=True)
  File "renpy/common/000window.rpy", line 70, in _window_show
    renpy.with_statement(trans)
  File "C:\Users\Win10\Downloads\renpy-8.2.1-sdk\renpy\exports.py", line 1781, in with_statement
    return renpy.game.interface.do_with(trans, paired, clear=clear)
  File "C:\Users\Win10\Downloads\renpy-8.2.1-sdk\renpy\display\core.py", line 1548, in do_with
    return self.interact(trans_pause=True,
  File "C:\Users\Win10\Downloads\renpy-8.2.1-sdk\renpy\display\core.py", line 2165, in interact
    repeat, rv = self.interact_core(preloads=preloads, trans_pause=trans_pause, pause=pause, pause_start=pause_start, pause_modal=pause_modal, **kwargs) # type: ignore
  File "C:\Users\Win10\Downloads\renpy-8.2.1-sdk\renpy\display\core.py", line 2793, in interact_core
    if renpy.display.draw.update(force=self.display_reset):
  File "gl2draw.pyx", line 681, in renpy.gl2.gl2draw.GL2Draw.update
  File "gl2draw.pyx", line 615, in renpy.gl2.gl2draw.GL2Draw.on_resize
  File "gl2texture.pyx", line 75, in renpy.gl2.gl2texture.TextureLoader.init
  File "C:\Users\Win10\Downloads\renpy-8.2.1-sdk\renpy\gl2\gl2shadercache.py", line 278, in get
    rv.load()
  File "gl2shader.pyx", line 241, in renpy.gl2.gl2shader.Program.load
ShaderError: b'\x06'

While running game code:
  File "game/script.rpy", line 125, in script
    "이곳은 바다가 보이는 학교,푸른 고등학교."
  File "game/script.rpy", line 125, in script
    "이곳은 바다가 보이는 학교,푸른 고등학교."
  File "renpy/common/000window.rpy", line 122, in _window_auto_callback
    _window_show(auto=True)
  File "renpy/common/000window.rpy", line 70, in _window_show
    renpy.with_statement(trans)
ShaderError: b'\x06'
Leaking texture: 3
Leaking texture: 4
Leaking texture: 6
Leaking texture: 14
Leaking texture: 15
Leaking texture: 17
Leaking texture: 16
Leaking texture: 18
Leaking texture: 20
Leaking texture: 19
Leaking texture: 22
Leaking texture: 21
Leaking texture: 23
Leaking texture: 11
Leaking texture: 7
Leaking texture: 10
Leaking texture: 12
Leaking texture: 9
Leaking texture: 5
Leaking texture: 27
Leaking texture: 34
Leaking texture: 33
Leaking texture: 32
Leaking texture: 31
Leaking texture: 30
Leaking texture: 29
Leaking texture: 28
Leaking texture: 26
Leaking texture: 1
Leaking texture: 24
Leaking texture: 2
